[debug] [2025-05-22T20:34:40.183Z] ----------------------------------------------------------------------
[debug] [2025-05-22T20:34:40.185Z] Command:       /opt/homebrew/Cellar/node/23.7.0/bin/node /opt/homebrew/bin/firebase emulators:start --only functions --project dr-x
[debug] [2025-05-22T20:34:40.185Z] CLI Version:   14.4.0
[debug] [2025-05-22T20:34:40.185Z] Platform:      darwin
[debug] [2025-05-22T20:34:40.185Z] Node Version:  v23.7.0
[debug] [2025-05-22T20:34:40.185Z] Time:          Thu May 22 2025 15:34:40 GMT-0500 (Central Daylight Time)
[debug] [2025-05-22T20:34:40.185Z] ----------------------------------------------------------------------
[debug] 
[debug] [2025-05-22T20:34:40.268Z] > command requires scopes: ["email","openid","https://www.googleapis.com/auth/cloudplatformprojects.readonly","https://www.googleapis.com/auth/firebase","https://www.googleapis.com/auth/cloud-platform"]
[debug] [2025-05-22T20:34:40.268Z] > authorizing via signed-in user (mrboom192@gmail.com)
[info] i  emulators: Starting emulators: functions {"metadata":{"emulator":{"name":"hub"},"message":"Starting emulators: functions"}}
[debug] [2025-05-22T20:34:40.439Z] [logging] Logging Emulator only supports listening on one address (127.0.0.1). Not listening on ::1
[debug] [2025-05-22T20:34:40.439Z] assigned listening specs for emulators {"user":{"hub":[{"address":"127.0.0.1","family":"IPv4","port":4400},{"address":"::1","family":"IPv6","port":4400}],"ui":[{"address":"127.0.0.1","family":"IPv4","port":4000},{"address":"::1","family":"IPv6","port":4000}],"logging":[{"address":"127.0.0.1","family":"IPv4","port":4500}]},"metadata":{"message":"assigned listening specs for emulators"}}
[debug] [2025-05-22T20:34:40.441Z] [hub] writing locator at /var/folders/k0/6rxn5b414b52x1zfd41tjpch0000gn/T/hub-dr-x.json
[debug] [2025-05-22T20:34:40.604Z] [functions] Functions Emulator only supports listening on one address (127.0.0.1). Not listening on ::1
[debug] [2025-05-22T20:34:40.604Z] [eventarc] Eventarc Emulator only supports listening on one address (127.0.0.1). Not listening on ::1
[debug] [2025-05-22T20:34:40.604Z] [tasks] Cloud Tasks Emulator only supports listening on one address (127.0.0.1). Not listening on ::1
[debug] [2025-05-22T20:34:40.604Z] late-assigned ports for functions and eventarc emulators {"user":{"hub":[{"address":"127.0.0.1","family":"IPv4","port":4400},{"address":"::1","family":"IPv6","port":4400}],"ui":[{"address":"127.0.0.1","family":"IPv4","port":4000},{"address":"::1","family":"IPv6","port":4000}],"logging":[{"address":"127.0.0.1","family":"IPv4","port":4500}],"functions":[{"address":"127.0.0.1","family":"IPv4","port":5001}],"eventarc":[{"address":"127.0.0.1","family":"IPv4","port":9299}],"tasks":[{"address":"127.0.0.1","family":"IPv4","port":9499}]},"metadata":{"message":"late-assigned ports for functions and eventarc emulators"}}
[warn] ⚠  functions: The following emulators are not running, calls to these services from the Functions emulator will affect production: apphosting, auth, firestore, database, hosting, pubsub, storage, dataconnect {"metadata":{"emulator":{"name":"functions"},"message":"The following emulators are not running, calls to these services from the Functions emulator will affect production: \u001b[1mapphosting, auth, firestore, database, hosting, pubsub, storage, dataconnect\u001b[22m"}}
[debug] [2025-05-22T20:34:40.609Z] defaultcredentials: writing to file /Users/jasonnguyen/.config/firebase/mrboom192_gmail_com_application_default_credentials.json
[debug] [2025-05-22T20:34:40.609Z] Setting GAC to /Users/jasonnguyen/.config/firebase/mrboom192_gmail_com_application_default_credentials.json {"metadata":{"emulator":{"name":"functions"},"message":"Setting GAC to /Users/jasonnguyen/.config/firebase/mrboom192_gmail_com_application_default_credentials.json"}}
[debug] [2025-05-22T20:34:40.609Z] Checked if tokens are valid: true, expires at: 1747949451414
[debug] [2025-05-22T20:34:40.610Z] Checked if tokens are valid: true, expires at: 1747949451414
[debug] [2025-05-22T20:34:40.610Z] >>> [apiv2][query] GET https://firebase.googleapis.com/v1beta1/projects/dr-x/adminSdkConfig [none]
[debug] [2025-05-22T20:34:40.804Z] <<< [apiv2][status] GET https://firebase.googleapis.com/v1beta1/projects/dr-x/adminSdkConfig 403
[debug] [2025-05-22T20:34:40.804Z] <<< [apiv2][body] GET https://firebase.googleapis.com/v1beta1/projects/dr-x/adminSdkConfig {"error":{"code":403,"message":"The caller does not have permission","status":"PERMISSION_DENIED"}}
[debug] [2025-05-22T20:34:40.805Z] Failed to get Admin SDK config for dr-x, falling back to cache Failed to get Admin SDK for Firebase project dr-x. Please make sure the project exists and your account has permission to access it. {"name":"FirebaseError","children":[],"exit":2,"message":"Failed to get Admin SDK for Firebase project dr-x. Please make sure the project exists and your account has permission to access it.","original":{"name":"FirebaseError","children":[],"context":{"body":{"error":{"code":403,"message":"The caller does not have permission","status":"PERMISSION_DENIED"}},"response":{"statusCode":403}},"exit":1,"message":"Request to https://firebase.googleapis.com/v1beta1/projects/dr-x/adminSdkConfig had HTTP Error: 403, The caller does not have permission","status":403},"status":500}
[warn] ⚠  functions: Unable to fetch project Admin SDK configuration, Admin SDK behavior in Cloud Functions emulator may be incorrect. {"metadata":{"emulator":{"name":"functions"},"message":"Unable to fetch project Admin SDK configuration, Admin SDK behavior in Cloud Functions emulator may be incorrect."}}
[info] i  functions: Watching "/Users/jasonnguyen/Documents/dev/drx/functions" for Cloud Functions... {"metadata":{"emulator":{"name":"functions"},"message":"Watching \"/Users/jasonnguyen/Documents/dev/drx/functions\" for Cloud Functions..."}}
[debug] [2025-05-22T20:34:40.815Z] Validating nodejs source
[debug] [2025-05-22T20:34:41.210Z] > [functions] package.json contents: {
  "name": "stripe-functions",
  "description": "Stripe Firebase Functions",
  "dependencies": {
    "@google-cloud/logging": "^7.3.0",
    "axios": "^1.9.0",
    "eslint-plugin-promise": "^7.2.1",
    "firebase-admin": "^13.0.2",
    "firebase-functions": "^6.3.0",
    "stripe": "^8.222.0"
  },
  "devDependencies": {
    "eslint": "^8.57.1"
  },
  "scripts": {
    "lint": "echo 'Skipping lint'",
    "serve": "firebase emulators:start --only functions",
    "shell": "firebase functions:shell",
    "start": "npm run shell",
    "deploy": "firebase deploy --only functions",
    "logs": "firebase functions:log",
    "compile": "cp ../../../tsconfig.template.json ./tsconfig-compile.json && tsc --project tsconfig-compile.json"
  },
  "engines": {
    "node": "20"
  },
  "private": true
}
[debug] [2025-05-22T20:34:41.211Z] Building nodejs source
[debug] [2025-05-22T20:34:41.211Z] Failed to find version of module node: reached end of search path /Users/jasonnguyen/Documents/dev/drx/functions/node_modules
[warn] ⚠  functions: Your requested "node" version "20" doesn't match your global version "23". Using node@23 from host. 
[info] i  functions: Loaded environment variables from .env. 
[debug] [2025-05-22T20:34:41.213Z] Could not find functions.yaml. Must use http discovery
[debug] [2025-05-22T20:34:41.216Z] Found firebase-functions binary at '/Users/jasonnguyen/Documents/dev/drx/functions/node_modules/.bin/firebase-functions'
[info] Serving at port 8103

[debug] [2025-05-22T20:34:41.674Z] Got response from /__/functions.yaml {"endpoints":{"createStripeCustomer":{"platform":"gcfv1","availableMemoryMb":null,"timeoutSeconds":null,"minInstances":null,"maxInstances":null,"ingressSettings":null,"serviceAccountEmail":null,"vpc":null,"eventTrigger":{"eventType":"providers/firebase.auth/eventTypes/user.create","eventFilters":{"resource":"projects/dr-x"},"retry":false},"labels":{},"entryPoint":"createStripeCustomer"},"addPaymentMethodDetails":{"platform":"gcfv1","availableMemoryMb":null,"timeoutSeconds":null,"minInstances":null,"maxInstances":null,"ingressSettings":null,"serviceAccountEmail":null,"vpc":null,"eventTrigger":{"eventType":"providers/cloud.firestore/eventTypes/document.create","eventFilters":{"resource":"projects/dr-x/databases/(default)/documents/stripe_customers/{userId}/payment_methods/{pushId}"},"retry":false},"labels":{},"entryPoint":"addPaymentMethodDetails"},"createStripePayment":{"platform":"gcfv1","availableMemoryMb":null,"timeoutSeconds":null,"minInstances":null,"maxInstances":null,"ingressSettings":null,"serviceAccountEmail":null,"vpc":null,"eventTrigger":{"eventType":"providers/cloud.firestore/eventTypes/document.create","eventFilters":{"resource":"projects/dr-x/databases/(default)/documents/stripe_customers/{userId}/payments/{pushId}"},"retry":false},"labels":{},"entryPoint":"createStripePayment"},"confirmStripePayment":{"platform":"gcfv1","availableMemoryMb":null,"timeoutSeconds":null,"minInstances":null,"maxInstances":null,"ingressSettings":null,"serviceAccountEmail":null,"vpc":null,"eventTrigger":{"eventType":"providers/cloud.firestore/eventTypes/document.update","eventFilters":{"resource":"projects/dr-x/databases/(default)/documents/stripe_customers/{userId}/payments/{pushId}"},"retry":false},"labels":{},"entryPoint":"confirmStripePayment"},"cleanupUser":{"platform":"gcfv1","availableMemoryMb":null,"timeoutSeconds":null,"minInstances":null,"maxInstances":null,"ingressSettings":null,"serviceAccountEmail":null,"vpc":null,"eventTrigger":{"eventType":"providers/firebase.auth/eventTypes/user.delete","eventFilters":{"resource":"projects/dr-x"},"retry":false},"labels":{},"entryPoint":"cleanupUser"},"getTurnCredentials":{"platform":"gcfv1","labels":{},"availableMemoryMb":null,"timeoutSeconds":null,"minInstances":null,"maxInstances":null,"ingressSettings":null,"serviceAccountEmail":null,"vpc":null,"callableTrigger":{},"entryPoint":"getTurnCredentials"},"getPaymentIntent":{"platform":"gcfv1","labels":{},"availableMemoryMb":null,"timeoutSeconds":null,"minInstances":null,"maxInstances":null,"ingressSettings":null,"serviceAccountEmail":null,"vpc":null,"callableTrigger":{},"entryPoint":"getPaymentIntent"},"handleStripeWebhook":{"platform":"gcfv1","availableMemoryMb":null,"timeoutSeconds":null,"minInstances":null,"maxInstances":null,"ingressSettings":null,"serviceAccountEmail":null,"vpc":null,"httpsTrigger":{},"entryPoint":"handleStripeWebhook"}},"specVersion":"v1alpha1","requiredAPIs":[],"extensions":{}}
[info] ✔  functions: Loaded functions definitions from source: createStripeCustomer, addPaymentMethodDetails, createStripePayment, confirmStripePayment, cleanupUser, getTurnCredentials, getPaymentIntent, handleStripeWebhook. {"metadata":{"emulator":{"name":"functions"},"message":"Loaded functions definitions from source: createStripeCustomer, addPaymentMethodDetails, createStripePayment, confirmStripePayment, cleanupUser, getTurnCredentials, getPaymentIntent, handleStripeWebhook."}}
[debug] [2025-05-22T20:34:45.702Z] addAuthTrigger {"eventTrigger":{"eventType":"providers/firebase.auth/eventTypes/user.create","resource":"projects/dr-x"}}
[info] ✔  functions[us-central1-createStripeCustomer]: auth function initialized. {"metadata":{"emulator":{"name":"functions"},"message":"\u001b[1mauth\u001b[22m function initialized."}}
[info] i  functions[us-central1-addPaymentMethodDetails]: function ignored because the firestore emulator does not exist or is not running. {"metadata":{"emulator":{"name":"functions"},"message":"function ignored because the firestore emulator does not exist or is not running."}}
[info] i  functions[us-central1-createStripePayment]: function ignored because the firestore emulator does not exist or is not running. {"metadata":{"emulator":{"name":"functions"},"message":"function ignored because the firestore emulator does not exist or is not running."}}
[info] i  functions[us-central1-confirmStripePayment]: function ignored because the firestore emulator does not exist or is not running. {"metadata":{"emulator":{"name":"functions"},"message":"function ignored because the firestore emulator does not exist or is not running."}}
[debug] [2025-05-22T20:34:45.703Z] addAuthTrigger {"eventTrigger":{"eventType":"providers/firebase.auth/eventTypes/user.delete","resource":"projects/dr-x"}}
[info] ✔  functions[us-central1-cleanupUser]: auth function initialized. {"metadata":{"emulator":{"name":"functions"},"message":"\u001b[1mauth\u001b[22m function initialized."}}
[info] ✔  functions[us-central1-getTurnCredentials]: http function initialized (http://127.0.0.1:5001/dr-x/us-central1/getTurnCredentials). {"metadata":{"emulator":{"name":"functions"},"message":"\u001b[1mhttp\u001b[22m function initialized (http://127.0.0.1:5001/dr-x/us-central1/getTurnCredentials)."}}
[info] ✔  functions[us-central1-getPaymentIntent]: http function initialized (http://127.0.0.1:5001/dr-x/us-central1/getPaymentIntent). {"metadata":{"emulator":{"name":"functions"},"message":"\u001b[1mhttp\u001b[22m function initialized (http://127.0.0.1:5001/dr-x/us-central1/getPaymentIntent)."}}
[info] ✔  functions[us-central1-handleStripeWebhook]: http function initialized (http://127.0.0.1:5001/dr-x/us-central1/handleStripeWebhook). {"metadata":{"emulator":{"name":"functions"},"message":"\u001b[1mhttp\u001b[22m function initialized (http://127.0.0.1:5001/dr-x/us-central1/handleStripeWebhook)."}}
[debug] [2025-05-22T20:34:45.706Z] Could not find VSCode notification endpoint: FetchError: request to http://localhost:40001/vscode/notify failed, reason: . If you are not running the Firebase Data Connect VSCode extension, this is expected and not an issue.
[info] 
┌─────────────────────────────────────────────────────────────┐
│ ✔  All emulators ready! It is now safe to connect your app. │
│ i  View Emulator UI at http://127.0.0.1:4000/               │
└─────────────────────────────────────────────────────────────┘

┌───────────┬────────────────┬─────────────────────────────────┐
│ Emulator  │ Host:Port      │ View in Emulator UI             │
├───────────┼────────────────┼─────────────────────────────────┤
│ Functions │ 127.0.0.1:5001 │ http://127.0.0.1:4000/functions │
└───────────┴────────────────┴─────────────────────────────────┘
  Emulator Hub host: 127.0.0.1 port: 4400
  Other reserved ports: 4500

Issues? Report them at https://github.com/firebase/firebase-tools/issues and attach the *-debug.log files.
 
[debug] [2025-05-22T20:45:45.364Z] [work-queue] {"queuedWork":["/dr-x/us-central1/getPaymentIntent-2025-05-22T20:45:45.364Z"],"queueLength":1,"runningWork":[],"workRunningCount":0}
[debug] [2025-05-22T20:45:45.364Z] [work-queue] {"queuedWork":[],"queueLength":0,"runningWork":["/dr-x/us-central1/getPaymentIntent-2025-05-22T20:45:45.364Z"],"workRunningCount":1}
[debug] [2025-05-22T20:45:45.365Z] Accepted request POST /dr-x/us-central1/getPaymentIntent --> us-central1-getPaymentIntent
[debug] [2025-05-22T20:45:45.367Z] [functions] Runtime ready! Sending request! {"metadata":{"emulator":{"name":"functions"},"message":"[functions] Runtime ready! Sending request!"}}
[debug] [2025-05-22T20:45:45.367Z] [functions] Got req.url=/dr-x/us-central1/getPaymentIntent, mapping to path=/ {"metadata":{"emulator":{"name":"functions"},"message":"[functions] Got req.url=/dr-x/us-central1/getPaymentIntent, mapping to path=/"}}
[info] i  functions: Loaded environment variables from .env. 
[debug] [2025-05-22T20:45:45.371Z] [worker-pool] addWorker(us-central1-getPaymentIntent) {"metadata":{"emulator":{"name":"functions"},"message":"[worker-pool] addWorker(us-central1-getPaymentIntent)"}}
[debug] [2025-05-22T20:45:45.371Z] [worker-pool] Adding worker with key us-central1-getPaymentIntent, total=1 {"metadata":{"emulator":{"name":"functions"},"message":"[worker-pool] Adding worker with key us-central1-getPaymentIntent, total=1"}}
[debug] [2025-05-22T20:45:45.872Z] [runtime-status] [88439] Resolved module firebase-admin {"declared":true,"installed":true,"version":"13.4.0","resolution":"/Users/jasonnguyen/Documents/dev/drx/functions/node_modules/firebase-admin/lib/index.js"} {"metadata":{"emulator":{"name":"functions"},"function":{"name":"us-central1-getPaymentIntent"},"extension":{},"message":"[runtime-status] [88439] Resolved module firebase-admin {\"declared\":true,\"installed\":true,\"version\":\"13.4.0\",\"resolution\":\"/Users/jasonnguyen/Documents/dev/drx/functions/node_modules/firebase-admin/lib/index.js\"}"}}
[debug] [2025-05-22T20:45:45.873Z] [runtime-status] [88439] Resolved module firebase-functions {"declared":true,"installed":true,"version":"6.3.2","resolution":"/Users/jasonnguyen/Documents/dev/drx/functions/node_modules/firebase-functions/lib/v2/index.js"} {"metadata":{"emulator":{"name":"functions"},"function":{"name":"us-central1-getPaymentIntent"},"extension":{},"message":"[runtime-status] [88439] Resolved module firebase-functions {\"declared\":true,\"installed\":true,\"version\":\"6.3.2\",\"resolution\":\"/Users/jasonnguyen/Documents/dev/drx/functions/node_modules/firebase-functions/lib/v2/index.js\"}"}}
[debug] [2025-05-22T20:45:45.873Z] [runtime-status] [88439] Outgoing network have been stubbed. [{"name":"http","status":"mocked"},{"name":"http","status":"mocked"},{"name":"https","status":"mocked"},{"name":"https","status":"mocked"},{"name":"net","status":"mocked"}] {"metadata":{"emulator":{"name":"functions"},"function":{"name":"us-central1-getPaymentIntent"},"extension":{},"message":"[runtime-status] [88439] Outgoing network have been stubbed. [{\"name\":\"http\",\"status\":\"mocked\"},{\"name\":\"http\",\"status\":\"mocked\"},{\"name\":\"https\",\"status\":\"mocked\"},{\"name\":\"https\",\"status\":\"mocked\"},{\"name\":\"net\",\"status\":\"mocked\"}]"}}
[debug] [2025-05-22T20:45:45.873Z] [runtime-status] [88439] Resolved module firebase-functions {"declared":true,"installed":true,"version":"6.3.2","resolution":"/Users/jasonnguyen/Documents/dev/drx/functions/node_modules/firebase-functions/lib/v2/index.js"} {"metadata":{"emulator":{"name":"functions"},"function":{"name":"us-central1-getPaymentIntent"},"extension":{},"message":"[runtime-status] [88439] Resolved module firebase-functions {\"declared\":true,\"installed\":true,\"version\":\"6.3.2\",\"resolution\":\"/Users/jasonnguyen/Documents/dev/drx/functions/node_modules/firebase-functions/lib/v2/index.js\"}"}}
[debug] [2025-05-22T20:45:46.059Z] [runtime-status] [88439] Checked functions.config() {"config":{}} {"metadata":{"emulator":{"name":"functions"},"function":{"name":"us-central1-getPaymentIntent"},"extension":{},"message":"[runtime-status] [88439] Checked functions.config() {\"config\":{}}"}}
[debug] [2025-05-22T20:45:46.059Z] [runtime-status] [88439] firebase-functions has been stubbed. {"functionsResolution":{"declared":true,"installed":true,"version":"6.3.2","resolution":"/Users/jasonnguyen/Documents/dev/drx/functions/node_modules/firebase-functions/lib/v2/index.js"}} {"metadata":{"emulator":{"name":"functions"},"function":{"name":"us-central1-getPaymentIntent"},"extension":{},"message":"[runtime-status] [88439] firebase-functions has been stubbed. {\"functionsResolution\":{\"declared\":true,\"installed\":true,\"version\":\"6.3.2\",\"resolution\":\"/Users/jasonnguyen/Documents/dev/drx/functions/node_modules/firebase-functions/lib/v2/index.js\"}}"}}
[debug] [2025-05-22T20:45:46.059Z] [runtime-status] [88439] Resolved module firebase-functions {"declared":true,"installed":true,"version":"6.3.2","resolution":"/Users/jasonnguyen/Documents/dev/drx/functions/node_modules/firebase-functions/lib/v2/index.js"} {"metadata":{"emulator":{"name":"functions"},"function":{"name":"us-central1-getPaymentIntent"},"extension":{},"message":"[runtime-status] [88439] Resolved module firebase-functions {\"declared\":true,\"installed\":true,\"version\":\"6.3.2\",\"resolution\":\"/Users/jasonnguyen/Documents/dev/drx/functions/node_modules/firebase-functions/lib/v2/index.js\"}"}}
[debug] [2025-05-22T20:45:46.060Z] [runtime-status] [88439] Resolved module firebase-admin {"declared":true,"installed":true,"version":"13.4.0","resolution":"/Users/jasonnguyen/Documents/dev/drx/functions/node_modules/firebase-admin/lib/index.js"} {"metadata":{"emulator":{"name":"functions"},"function":{"name":"us-central1-getPaymentIntent"},"extension":{},"message":"[runtime-status] [88439] Resolved module firebase-admin {\"declared\":true,\"installed\":true,\"version\":\"13.4.0\",\"resolution\":\"/Users/jasonnguyen/Documents/dev/drx/functions/node_modules/firebase-admin/lib/index.js\"}"}}
[debug] [2025-05-22T20:45:46.061Z] [runtime-status] [88439] Resolved module firebase-functions {"declared":true,"installed":true,"version":"6.3.2","resolution":"/Users/jasonnguyen/Documents/dev/drx/functions/node_modules/firebase-functions/lib/v2/index.js"} {"metadata":{"emulator":{"name":"functions"},"function":{"name":"us-central1-getPaymentIntent"},"extension":{},"message":"[runtime-status] [88439] Resolved module firebase-functions {\"declared\":true,\"installed\":true,\"version\":\"6.3.2\",\"resolution\":\"/Users/jasonnguyen/Documents/dev/drx/functions/node_modules/firebase-functions/lib/v2/index.js\"}"}}
[debug] [2025-05-22T20:45:46.062Z] [runtime-status] [88439] firebase-admin has been stubbed. {"adminResolution":{"declared":true,"installed":true,"version":"13.4.0","resolution":"/Users/jasonnguyen/Documents/dev/drx/functions/node_modules/firebase-admin/lib/index.js"}} {"metadata":{"emulator":{"name":"functions"},"function":{"name":"us-central1-getPaymentIntent"},"extension":{},"message":"[runtime-status] [88439] firebase-admin has been stubbed. {\"adminResolution\":{\"declared\":true,\"installed\":true,\"version\":\"13.4.0\",\"resolution\":\"/Users/jasonnguyen/Documents/dev/drx/functions/node_modules/firebase-admin/lib/index.js\"}}"}}
[debug] [2025-05-22T20:45:46.259Z] [runtime-status] [88439] initializeApp(DEFAULT) {"storageBucket":"dr-x.appspot.com","databaseURL":"https://dr-x.firebaseio.com","projectId":"dr-x"} {"metadata":{"emulator":{"name":"functions"},"function":{"name":"us-central1-getPaymentIntent"},"extension":{},"message":"[runtime-status] [88439] initializeApp(DEFAULT) {\"storageBucket\":\"dr-x.appspot.com\",\"databaseURL\":\"https://dr-x.firebaseio.com\",\"projectId\":\"dr-x\"}"}}
[debug] [2025-05-22T20:45:46.261Z] [runtime-status] [88439] Functions runtime initialized. {"cwd":"/Users/jasonnguyen/Documents/dev/drx/functions","node_version":"23.7.0"} {"metadata":{"emulator":{"name":"functions"},"function":{"name":"us-central1-getPaymentIntent"},"extension":{},"message":"[runtime-status] [88439] Functions runtime initialized. {\"cwd\":\"/Users/jasonnguyen/Documents/dev/drx/functions\",\"node_version\":\"23.7.0\"}"}}
[debug] [2025-05-22T20:45:46.262Z] [runtime-status] [88439] Listening to port: /var/folders/k0/6rxn5b414b52x1zfd41tjpch0000gn/T/fire_emu_ee9444563d315484.sock {"metadata":{"emulator":{"name":"functions"},"function":{"name":"us-central1-getPaymentIntent"},"extension":{},"message":"[runtime-status] [88439] Listening to port: /var/folders/k0/6rxn5b414b52x1zfd41tjpch0000gn/T/fire_emu_ee9444563d315484.sock"}}
[debug] [2025-05-22T20:45:46.284Z] [worker-us-central1-getPaymentIntent-ded2b57f-d8d3-4510-825f-0887b740008d]: IDLE {"metadata":{"emulator":{"name":"functions"},"function":{"name":"us-central1-getPaymentIntent"},"extension":{},"message":"[worker-us-central1-getPaymentIntent-ded2b57f-d8d3-4510-825f-0887b740008d]: IDLE"}}
[debug] [2025-05-22T20:45:46.284Z] [worker-pool] submitRequest(triggerId=us-central1-getPaymentIntent) {"metadata":{"emulator":{"name":"functions"},"message":"[worker-pool] submitRequest(triggerId=us-central1-getPaymentIntent)"}}
[info] i  functions: Beginning execution of "us-central1-getPaymentIntent" {"metadata":{"emulator":{"name":"functions"},"function":{"name":"us-central1-getPaymentIntent"},"extension":{},"message":"Beginning execution of \"us-central1-getPaymentIntent\""}}
[debug] [2025-05-22T20:45:46.284Z] [worker-us-central1-getPaymentIntent-ded2b57f-d8d3-4510-825f-0887b740008d]: BUSY {"metadata":{"emulator":{"name":"functions"},"function":{"name":"us-central1-getPaymentIntent"},"extension":{},"message":"[worker-us-central1-getPaymentIntent-ded2b57f-d8d3-4510-825f-0887b740008d]: BUSY"}}
[info] >  {"verifications":{"app":"MISSING","auth":"MISSING"},"logging.googleapis.com/labels":{"firebase-log-type":"callable-request-verification"},"severity":"DEBUG","message":"Callable request verification passed"} {"user":{"verifications":{"app":"MISSING","auth":"MISSING"},"logging.googleapis.com/labels":{"firebase-log-type":"callable-request-verification"},"severity":"DEBUG","message":"Callable request verification passed"},"metadata":{"emulator":{"name":"functions"},"function":{"name":"us-central1-getPaymentIntent"},"extension":{},"message":"\u001b[90m> \u001b[39m {\"verifications\":{\"app\":\"MISSING\",\"auth\":\"MISSING\"},\"logging.googleapis.com/labels\":{\"firebase-log-type\":\"callable-request-verification\"},\"severity\":\"DEBUG\",\"message\":\"Callable request verification passed\"}"}}
[debug] [2025-05-22T20:45:46.291Z] [runtime-status] [88439] No callable functions auth found {"metadata":{"emulator":{"name":"functions"},"function":{"name":"us-central1-getPaymentIntent"},"extension":{},"message":"[runtime-status] [88439] No callable functions auth found"}}
[debug] [2025-05-22T20:45:46.292Z] Finishing up request with event=pause {"metadata":{"emulator":{"name":"functions"},"function":{"name":"us-central1-getPaymentIntent"},"extension":{},"message":"Finishing up request with event=pause"}}
[info] i  functions: Finished "us-central1-getPaymentIntent" in 8.055083ms {"metadata":{"emulator":{"name":"functions"},"function":{"name":"us-central1-getPaymentIntent"},"extension":{},"message":"Finished \"us-central1-getPaymentIntent\" in 8.055083ms"}}
[debug] [2025-05-22T20:45:46.293Z] [worker-us-central1-getPaymentIntent-ded2b57f-d8d3-4510-825f-0887b740008d]: IDLE {"metadata":{"emulator":{"name":"functions"},"function":{"name":"us-central1-getPaymentIntent"},"extension":{},"message":"[worker-us-central1-getPaymentIntent-ded2b57f-d8d3-4510-825f-0887b740008d]: IDLE"}}
[debug] [2025-05-22T20:45:46.293Z] Finishing up request with event=finish {"metadata":{"emulator":{"name":"functions"},"function":{"name":"us-central1-getPaymentIntent"},"extension":{},"message":"Finishing up request with event=finish"}}
[debug] [2025-05-22T20:45:46.293Z] Finishing up request with event=close {"metadata":{"emulator":{"name":"functions"},"function":{"name":"us-central1-getPaymentIntent"},"extension":{},"message":"Finishing up request with event=close"}}
[debug] [2025-05-22T20:45:46.293Z] [work-queue] {"queuedWork":[],"queueLength":0,"runningWork":[],"workRunningCount":0}
[debug] [2025-05-22T21:14:38.952Z] File /Users/jasonnguyen/Documents/dev/drx/functions/index.js changed, reloading triggers {"metadata":{"emulator":{"name":"functions"},"message":"File /Users/jasonnguyen/Documents/dev/drx/functions/index.js changed, reloading triggers"}}
[debug] [2025-05-22T21:14:39.956Z] Validating nodejs source
[debug] [2025-05-22T21:14:40.398Z] > [functions] package.json contents: {
  "name": "stripe-functions",
  "description": "Stripe Firebase Functions",
  "dependencies": {
    "@google-cloud/logging": "^7.3.0",
    "axios": "^1.9.0",
    "eslint-plugin-promise": "^7.2.1",
    "firebase-admin": "^13.0.2",
    "firebase-functions": "^6.3.0",
    "stripe": "^8.222.0"
  },
  "devDependencies": {
    "eslint": "^8.57.1"
  },
  "scripts": {
    "lint": "echo 'Skipping lint'",
    "serve": "firebase emulators:start --only functions",
    "shell": "firebase functions:shell",
    "start": "npm run shell",
    "deploy": "firebase deploy --only functions",
    "logs": "firebase functions:log",
    "compile": "cp ../../../tsconfig.template.json ./tsconfig-compile.json && tsc --project tsconfig-compile.json"
  },
  "engines": {
    "node": "20"
  },
  "private": true
}
[debug] [2025-05-22T21:14:40.399Z] Building nodejs source
[debug] [2025-05-22T21:14:40.399Z] Failed to find version of module node: reached end of search path /Users/jasonnguyen/Documents/dev/drx/functions/node_modules
[warn] ⚠  functions: Your requested "node" version "20" doesn't match your global version "23". Using node@23 from host. 
[info] i  functions: Loaded environment variables from .env. 
[debug] [2025-05-22T21:14:40.401Z] Could not find functions.yaml. Must use http discovery
[debug] [2025-05-22T21:14:40.402Z] Found firebase-functions binary at '/Users/jasonnguyen/Documents/dev/drx/functions/node_modules/.bin/firebase-functions'
[info] Serving at port 8476

[debug] [2025-05-22T21:14:40.891Z] Got response from /__/functions.yaml {"endpoints":{"createStripeCustomer":{"platform":"gcfv1","availableMemoryMb":null,"timeoutSeconds":null,"minInstances":null,"maxInstances":null,"ingressSettings":null,"serviceAccountEmail":null,"vpc":null,"eventTrigger":{"eventType":"providers/firebase.auth/eventTypes/user.create","eventFilters":{"resource":"projects/dr-x"},"retry":false},"labels":{},"entryPoint":"createStripeCustomer"},"addPaymentMethodDetails":{"platform":"gcfv1","availableMemoryMb":null,"timeoutSeconds":null,"minInstances":null,"maxInstances":null,"ingressSettings":null,"serviceAccountEmail":null,"vpc":null,"eventTrigger":{"eventType":"providers/cloud.firestore/eventTypes/document.create","eventFilters":{"resource":"projects/dr-x/databases/(default)/documents/stripe_customers/{userId}/payment_methods/{pushId}"},"retry":false},"labels":{},"entryPoint":"addPaymentMethodDetails"},"createStripePayment":{"platform":"gcfv1","availableMemoryMb":null,"timeoutSeconds":null,"minInstances":null,"maxInstances":null,"ingressSettings":null,"serviceAccountEmail":null,"vpc":null,"eventTrigger":{"eventType":"providers/cloud.firestore/eventTypes/document.create","eventFilters":{"resource":"projects/dr-x/databases/(default)/documents/stripe_customers/{userId}/payments/{pushId}"},"retry":false},"labels":{},"entryPoint":"createStripePayment"},"confirmStripePayment":{"platform":"gcfv1","availableMemoryMb":null,"timeoutSeconds":null,"minInstances":null,"maxInstances":null,"ingressSettings":null,"serviceAccountEmail":null,"vpc":null,"eventTrigger":{"eventType":"providers/cloud.firestore/eventTypes/document.update","eventFilters":{"resource":"projects/dr-x/databases/(default)/documents/stripe_customers/{userId}/payments/{pushId}"},"retry":false},"labels":{},"entryPoint":"confirmStripePayment"},"cleanupUser":{"platform":"gcfv1","availableMemoryMb":null,"timeoutSeconds":null,"minInstances":null,"maxInstances":null,"ingressSettings":null,"serviceAccountEmail":null,"vpc":null,"eventTrigger":{"eventType":"providers/firebase.auth/eventTypes/user.delete","eventFilters":{"resource":"projects/dr-x"},"retry":false},"labels":{},"entryPoint":"cleanupUser"},"getTurnCredentials":{"platform":"gcfv1","labels":{},"availableMemoryMb":null,"timeoutSeconds":null,"minInstances":null,"maxInstances":null,"ingressSettings":null,"serviceAccountEmail":null,"vpc":null,"callableTrigger":{},"entryPoint":"getTurnCredentials"},"getPaymentIntent":{"platform":"gcfv1","labels":{},"availableMemoryMb":null,"timeoutSeconds":null,"minInstances":null,"maxInstances":null,"ingressSettings":null,"serviceAccountEmail":null,"vpc":null,"callableTrigger":{},"entryPoint":"getPaymentIntent"},"cancelPaymentIntent":{"platform":"gcfv1","labels":{},"availableMemoryMb":null,"timeoutSeconds":null,"minInstances":null,"maxInstances":null,"ingressSettings":null,"serviceAccountEmail":null,"vpc":null,"callableTrigger":{},"entryPoint":"cancelPaymentIntent"},"handleStripeWebhook":{"platform":"gcfv1","availableMemoryMb":null,"timeoutSeconds":null,"minInstances":null,"maxInstances":null,"ingressSettings":null,"serviceAccountEmail":null,"vpc":null,"httpsTrigger":{},"entryPoint":"handleStripeWebhook"}},"specVersion":"v1alpha1","requiredAPIs":[],"extensions":{}}
[info] ✔  functions: Loaded functions definitions from source: createStripeCustomer, addPaymentMethodDetails, createStripePayment, confirmStripePayment, cleanupUser, getTurnCredentials, getPaymentIntent, cancelPaymentIntent, handleStripeWebhook. {"metadata":{"emulator":{"name":"functions"},"message":"Loaded functions definitions from source: createStripeCustomer, addPaymentMethodDetails, createStripePayment, confirmStripePayment, cleanupUser, getTurnCredentials, getPaymentIntent, cancelPaymentIntent, handleStripeWebhook."}}
[debug] [2025-05-22T21:14:44.915Z] [worker-pool] Shutting down IDLE worker (us-central1-getPaymentIntent) {"metadata":{"emulator":{"name":"functions"},"message":"[worker-pool] Shutting down IDLE worker (us-central1-getPaymentIntent)"}}
[debug] [2025-05-22T21:14:44.915Z] [worker-us-central1-getPaymentIntent-ded2b57f-d8d3-4510-825f-0887b740008d]: FINISHING {"metadata":{"emulator":{"name":"functions"},"function":{"name":"us-central1-getPaymentIntent"},"extension":{},"message":"[worker-us-central1-getPaymentIntent-ded2b57f-d8d3-4510-825f-0887b740008d]: FINISHING"}}
[info] ✔  functions[us-central1-cancelPaymentIntent]: http function initialized (http://127.0.0.1:5001/dr-x/us-central1/cancelPaymentIntent). {"metadata":{"emulator":{"name":"functions"},"message":"\u001b[1mhttp\u001b[22m function initialized (http://127.0.0.1:5001/dr-x/us-central1/cancelPaymentIntent)."}}
[debug] [2025-05-22T21:14:44.925Z] [worker-us-central1-getPaymentIntent-ded2b57f-d8d3-4510-825f-0887b740008d]: exited {"metadata":{"emulator":{"name":"functions"},"function":{"name":"us-central1-getPaymentIntent"},"extension":{},"message":"[worker-us-central1-getPaymentIntent-ded2b57f-d8d3-4510-825f-0887b740008d]: exited"}}
[debug] [2025-05-22T21:14:44.925Z] [worker-us-central1-getPaymentIntent-ded2b57f-d8d3-4510-825f-0887b740008d]: FINISHED {"metadata":{"emulator":{"name":"functions"},"function":{"name":"us-central1-getPaymentIntent"},"extension":{},"message":"[worker-us-central1-getPaymentIntent-ded2b57f-d8d3-4510-825f-0887b740008d]: FINISHED"}}
